ARM GAS  /var/folders/8d/5hf81w_s6138pnbgf3j9q6nr0000gn/T//cc8XeOcl.s 			page 1


   1              		.cpu cortex-m3
   2              		.eabi_attribute 20, 1
   3              		.eabi_attribute 21, 1
   4              		.eabi_attribute 23, 3
   5              		.eabi_attribute 24, 1
   6              		.eabi_attribute 25, 1
   7              		.eabi_attribute 26, 1
   8              		.eabi_attribute 30, 1
   9              		.eabi_attribute 34, 1
  10              		.eabi_attribute 18, 4
  11              		.file	"main.c"
  12              		.text
  13              	.Ltext0:
  14              		.cfi_sections	.debug_frame
  15              		.section	.text.SystemClock_Config,"ax",%progbits
  16              		.align	1
  17              		.global	SystemClock_Config
  18              		.syntax unified
  19              		.thumb
  20              		.thumb_func
  21              		.fpu softvfp
  23              	SystemClock_Config:
  24              	.LFB66:
  25              		.file 1 "Core/Src/main.c"
   1:Core/Src/main.c **** /* USER CODE BEGIN Header */
   2:Core/Src/main.c **** /**
   3:Core/Src/main.c ****   ******************************************************************************
   4:Core/Src/main.c ****   * @file           : main.c
   5:Core/Src/main.c ****   * @brief          : Main program body
   6:Core/Src/main.c ****   ******************************************************************************
   7:Core/Src/main.c ****   * @attention
   8:Core/Src/main.c ****   *
   9:Core/Src/main.c ****   * <h2><center>&copy; Copyright (c) 2020 STMicroelectronics.
  10:Core/Src/main.c ****   * All rights reserved.</center></h2>
  11:Core/Src/main.c ****   *
  12:Core/Src/main.c ****   * This software component is licensed by ST under BSD 3-Clause license,
  13:Core/Src/main.c ****   * the "License"; You may not use this file except in compliance with the
  14:Core/Src/main.c ****   * License. You may obtain a copy of the License at:
  15:Core/Src/main.c ****   *                        opensource.org/licenses/BSD-3-Clause
  16:Core/Src/main.c ****   *
  17:Core/Src/main.c ****   ******************************************************************************
  18:Core/Src/main.c ****   */
  19:Core/Src/main.c **** /* USER CODE END Header */
  20:Core/Src/main.c **** 
  21:Core/Src/main.c **** /* Includes ------------------------------------------------------------------*/
  22:Core/Src/main.c **** #include "main.h"
  23:Core/Src/main.c **** 
  24:Core/Src/main.c **** /* typedef -----------------------------------------------------------*/
  25:Core/Src/main.c **** 
  26:Core/Src/main.c **** 
  27:Core/Src/main.c **** /* define ------------------------------------------------------------*/
  28:Core/Src/main.c **** 
  29:Core/Src/main.c **** 
  30:Core/Src/main.c **** /* macro -------------------------------------------------------------*/
  31:Core/Src/main.c **** 
  32:Core/Src/main.c **** 
  33:Core/Src/main.c **** /* variables ---------------------------------------------------------*/
ARM GAS  /var/folders/8d/5hf81w_s6138pnbgf3j9q6nr0000gn/T//cc8XeOcl.s 			page 2


  34:Core/Src/main.c **** 
  35:Core/Src/main.c **** 
  36:Core/Src/main.c **** /* function prototypes -----------------------------------------------*/
  37:Core/Src/main.c **** void SystemClock_Config(void);
  38:Core/Src/main.c **** 
  39:Core/Src/main.c **** /**
  40:Core/Src/main.c ****   * @brief  The application entry point.
  41:Core/Src/main.c ****   * @retval int
  42:Core/Src/main.c ****   */
  43:Core/Src/main.c **** int main(void)
  44:Core/Src/main.c **** {
  45:Core/Src/main.c ****   /* MCU Configuration--------------------------------------------------------*/
  46:Core/Src/main.c **** 
  47:Core/Src/main.c ****   /* Reset of all peripherals, Initializes the Flash interface and the Systick. */
  48:Core/Src/main.c ****   HAL_Init();
  49:Core/Src/main.c **** 
  50:Core/Src/main.c ****   /* Configure the system clock */
  51:Core/Src/main.c ****   SystemClock_Config();
  52:Core/Src/main.c **** 
  53:Core/Src/main.c **** 
  54:Core/Src/main.c ****   /* Infinite loop */
  55:Core/Src/main.c ****   while (1)
  56:Core/Src/main.c ****   {
  57:Core/Src/main.c **** 
  58:Core/Src/main.c ****   }
  59:Core/Src/main.c **** 
  60:Core/Src/main.c **** }
  61:Core/Src/main.c **** 
  62:Core/Src/main.c **** /**
  63:Core/Src/main.c ****   * @brief System Clock Configuration
  64:Core/Src/main.c ****   * @retval None
  65:Core/Src/main.c ****   */
  66:Core/Src/main.c **** void SystemClock_Config(void)
  67:Core/Src/main.c **** {
  26              		.loc 1 67 0
  27              		.cfi_startproc
  28              		@ args = 0, pretend = 0, frame = 64
  29              		@ frame_needed = 0, uses_anonymous_args = 0
  30 0000 30B5     		push	{r4, r5, lr}
  31              	.LCFI0:
  32              		.cfi_def_cfa_offset 12
  33              		.cfi_offset 4, -12
  34              		.cfi_offset 5, -8
  35              		.cfi_offset 14, -4
  36 0002 91B0     		sub	sp, sp, #68
  37              	.LCFI1:
  38              		.cfi_def_cfa_offset 80
  68:Core/Src/main.c ****   RCC_OscInitTypeDef RCC_OscInitStruct = {0};
  39              		.loc 1 68 0
  40 0004 0024     		movs	r4, #0
  41 0006 0894     		str	r4, [sp, #32]
  42 0008 0994     		str	r4, [sp, #36]
  43 000a 0B94     		str	r4, [sp, #44]
  44 000c 0C94     		str	r4, [sp, #48]
  69:Core/Src/main.c ****   RCC_ClkInitTypeDef RCC_ClkInitStruct = {0};
  45              		.loc 1 69 0
  46 000e 0194     		str	r4, [sp, #4]
ARM GAS  /var/folders/8d/5hf81w_s6138pnbgf3j9q6nr0000gn/T//cc8XeOcl.s 			page 3


  47 0010 0294     		str	r4, [sp, #8]
  48 0012 0394     		str	r4, [sp, #12]
  49 0014 0494     		str	r4, [sp, #16]
  50 0016 0594     		str	r4, [sp, #20]
  70:Core/Src/main.c **** 
  71:Core/Src/main.c ****   /** Initializes the CPU, AHB and APB busses clocks 
  72:Core/Src/main.c ****   */
  73:Core/Src/main.c ****   RCC_OscInitStruct.OscillatorType = RCC_OSCILLATORTYPE_HSE;
  51              		.loc 1 73 0
  52 0018 0122     		movs	r2, #1
  53 001a 0692     		str	r2, [sp, #24]
  74:Core/Src/main.c ****   RCC_OscInitStruct.HSEState = RCC_HSE_ON;
  54              		.loc 1 74 0
  55 001c 4FF48033 		mov	r3, #65536
  56 0020 0793     		str	r3, [sp, #28]
  75:Core/Src/main.c ****   RCC_OscInitStruct.HSEPredivValue = RCC_HSE_PREDIV_DIV1;
  76:Core/Src/main.c ****   RCC_OscInitStruct.HSIState = RCC_HSI_ON;
  57              		.loc 1 76 0
  58 0022 0A92     		str	r2, [sp, #40]
  77:Core/Src/main.c ****   RCC_OscInitStruct.PLL.PLLState = RCC_PLL_ON;
  59              		.loc 1 77 0
  60 0024 0225     		movs	r5, #2
  61 0026 0D95     		str	r5, [sp, #52]
  78:Core/Src/main.c ****   RCC_OscInitStruct.PLL.PLLSource = RCC_PLLSOURCE_HSE;
  62              		.loc 1 78 0
  63 0028 0E93     		str	r3, [sp, #56]
  79:Core/Src/main.c ****   RCC_OscInitStruct.PLL.PLLMUL = RCC_PLL_MUL9;
  64              		.loc 1 79 0
  65 002a 4FF4E013 		mov	r3, #1835008
  66 002e 0F93     		str	r3, [sp, #60]
  80:Core/Src/main.c ****   if (HAL_RCC_OscConfig(&RCC_OscInitStruct) != HAL_OK)
  67              		.loc 1 80 0
  68 0030 06A8     		add	r0, sp, #24
  69 0032 FFF7FEFF 		bl	HAL_RCC_OscConfig
  70              	.LVL0:
  81:Core/Src/main.c ****   {
  82:Core/Src/main.c ****     Error_Handler();
  83:Core/Src/main.c ****   }
  84:Core/Src/main.c ****   
  85:Core/Src/main.c ****   /** Initializes the CPU, AHB and APB busses clocks 
  86:Core/Src/main.c ****   */
  87:Core/Src/main.c ****   RCC_ClkInitStruct.ClockType = RCC_CLOCKTYPE_HCLK | RCC_CLOCKTYPE_SYSCLK | RCC_CLOCKTYPE_PCLK1 | R
  71              		.loc 1 87 0
  72 0036 0F23     		movs	r3, #15
  73 0038 0193     		str	r3, [sp, #4]
  88:Core/Src/main.c ****   RCC_ClkInitStruct.SYSCLKSource = RCC_SYSCLKSOURCE_PLLCLK;
  74              		.loc 1 88 0
  75 003a 0295     		str	r5, [sp, #8]
  89:Core/Src/main.c ****   RCC_ClkInitStruct.AHBCLKDivider = RCC_SYSCLK_DIV1;
  76              		.loc 1 89 0
  77 003c 0394     		str	r4, [sp, #12]
  90:Core/Src/main.c ****   RCC_ClkInitStruct.APB1CLKDivider = RCC_HCLK_DIV2;
  78              		.loc 1 90 0
  79 003e 4FF48063 		mov	r3, #1024
  80 0042 0493     		str	r3, [sp, #16]
  91:Core/Src/main.c ****   RCC_ClkInitStruct.APB2CLKDivider = RCC_HCLK_DIV1;
  81              		.loc 1 91 0
ARM GAS  /var/folders/8d/5hf81w_s6138pnbgf3j9q6nr0000gn/T//cc8XeOcl.s 			page 4


  82 0044 0594     		str	r4, [sp, #20]
  92:Core/Src/main.c **** 
  93:Core/Src/main.c ****   if (HAL_RCC_ClockConfig(&RCC_ClkInitStruct, FLASH_LATENCY_2) != HAL_OK)
  83              		.loc 1 93 0
  84 0046 2946     		mov	r1, r5
  85 0048 01A8     		add	r0, sp, #4
  86 004a FFF7FEFF 		bl	HAL_RCC_ClockConfig
  87              	.LVL1:
  94:Core/Src/main.c ****   {
  95:Core/Src/main.c ****     Error_Handler();
  96:Core/Src/main.c ****   }
  97:Core/Src/main.c **** }
  88              		.loc 1 97 0
  89 004e 11B0     		add	sp, sp, #68
  90              	.LCFI2:
  91              		.cfi_def_cfa_offset 12
  92              		@ sp needed
  93 0050 30BD     		pop	{r4, r5, pc}
  94              		.cfi_endproc
  95              	.LFE66:
  97              		.section	.text.main,"ax",%progbits
  98              		.align	1
  99              		.global	main
 100              		.syntax unified
 101              		.thumb
 102              		.thumb_func
 103              		.fpu softvfp
 105              	main:
 106              	.LFB65:
  44:Core/Src/main.c ****   /* MCU Configuration--------------------------------------------------------*/
 107              		.loc 1 44 0
 108              		.cfi_startproc
 109              		@ Volatile: function does not return.
 110              		@ args = 0, pretend = 0, frame = 0
 111              		@ frame_needed = 0, uses_anonymous_args = 0
 112 0000 08B5     		push	{r3, lr}
 113              	.LCFI3:
 114              		.cfi_def_cfa_offset 8
 115              		.cfi_offset 3, -8
 116              		.cfi_offset 14, -4
  48:Core/Src/main.c **** 
 117              		.loc 1 48 0
 118 0002 FFF7FEFF 		bl	HAL_Init
 119              	.LVL2:
  51:Core/Src/main.c **** 
 120              		.loc 1 51 0
 121 0006 FFF7FEFF 		bl	SystemClock_Config
 122              	.LVL3:
 123              	.L4:
 124 000a FEE7     		b	.L4
 125              		.cfi_endproc
 126              	.LFE65:
 128              		.section	.text.Error_Handler,"ax",%progbits
 129              		.align	1
 130              		.global	Error_Handler
 131              		.syntax unified
 132              		.thumb
ARM GAS  /var/folders/8d/5hf81w_s6138pnbgf3j9q6nr0000gn/T//cc8XeOcl.s 			page 5


 133              		.thumb_func
 134              		.fpu softvfp
 136              	Error_Handler:
 137              	.LFB67:
  98:Core/Src/main.c **** 
  99:Core/Src/main.c **** /**
 100:Core/Src/main.c ****   * @brief  This function is executed in case of error occurrence.
 101:Core/Src/main.c ****   * @retval None
 102:Core/Src/main.c ****   */
 103:Core/Src/main.c **** void Error_Handler(void)
 104:Core/Src/main.c **** {
 138              		.loc 1 104 0
 139              		.cfi_startproc
 140              		@ args = 0, pretend = 0, frame = 0
 141              		@ frame_needed = 0, uses_anonymous_args = 0
 142              		@ link register save eliminated.
 105:Core/Src/main.c ****   /* User can add his own implementation to report the HAL error return state */
 106:Core/Src/main.c **** 
 107:Core/Src/main.c **** }
 143              		.loc 1 107 0
 144 0000 7047     		bx	lr
 145              		.cfi_endproc
 146              	.LFE67:
 148              		.text
 149              	.Letext0:
 150              		.file 2 "/Users/jaychan/gcc-arm-none-eabi/arm-none-eabi/include/machine/_default_types.h"
 151              		.file 3 "/Users/jaychan/gcc-arm-none-eabi/arm-none-eabi/include/sys/_stdint.h"
 152              		.file 4 "Drivers/CMSIS/Include/core_cm3.h"
 153              		.file 5 "Drivers/CMSIS/Device/ST/STM32F1xx/Include/system_stm32f1xx.h"
 154              		.file 6 "Drivers/STM32F1xx_HAL_Driver/Inc/stm32f1xx_hal_rcc.h"
 155              		.file 7 "Drivers/STM32F1xx_HAL_Driver/Inc/stm32f1xx_hal_rcc_ex.h"
 156              		.file 8 "Drivers/STM32F1xx_HAL_Driver/Inc/stm32f1xx_hal_def.h"
 157              		.file 9 "Drivers/STM32F1xx_HAL_Driver/Inc/stm32f1xx_hal.h"
ARM GAS  /var/folders/8d/5hf81w_s6138pnbgf3j9q6nr0000gn/T//cc8XeOcl.s 			page 6


DEFINED SYMBOLS
                            *ABS*:0000000000000000 main.c
/var/folders/8d/5hf81w_s6138pnbgf3j9q6nr0000gn/T//cc8XeOcl.s:16     .text.SystemClock_Config:0000000000000000 $t
/var/folders/8d/5hf81w_s6138pnbgf3j9q6nr0000gn/T//cc8XeOcl.s:23     .text.SystemClock_Config:0000000000000000 SystemClock_Config
/var/folders/8d/5hf81w_s6138pnbgf3j9q6nr0000gn/T//cc8XeOcl.s:98     .text.main:0000000000000000 $t
/var/folders/8d/5hf81w_s6138pnbgf3j9q6nr0000gn/T//cc8XeOcl.s:105    .text.main:0000000000000000 main
/var/folders/8d/5hf81w_s6138pnbgf3j9q6nr0000gn/T//cc8XeOcl.s:129    .text.Error_Handler:0000000000000000 $t
/var/folders/8d/5hf81w_s6138pnbgf3j9q6nr0000gn/T//cc8XeOcl.s:136    .text.Error_Handler:0000000000000000 Error_Handler

UNDEFINED SYMBOLS
HAL_RCC_OscConfig
HAL_RCC_ClockConfig
HAL_Init
