ARM GAS  /var/folders/8d/5hf81w_s6138pnbgf3j9q6nr0000gn/T//ccYV6pgq.s 			page 1


   1              		.cpu cortex-m3
   2              		.eabi_attribute 20, 1
   3              		.eabi_attribute 21, 1
   4              		.eabi_attribute 23, 3
   5              		.eabi_attribute 24, 1
   6              		.eabi_attribute 25, 1
   7              		.eabi_attribute 26, 1
   8              		.eabi_attribute 30, 1
   9              		.eabi_attribute 34, 1
  10              		.eabi_attribute 18, 4
  11              		.file	"main.c"
  12              		.text
  13              	.Ltext0:
  14              		.cfi_sections	.debug_frame
  15              		.section	.text.SystemClock_Config,"ax",%progbits
  16              		.align	1
  17              		.global	SystemClock_Config
  18              		.syntax unified
  19              		.thumb
  20              		.thumb_func
  21              		.fpu softvfp
  23              	SystemClock_Config:
  24              	.LFB66:
  25              		.file 1 "../Src/main.c"
   1:../Src/main.c **** /* USER CODE BEGIN Header */
   2:../Src/main.c **** /**
   3:../Src/main.c ****   ******************************************************************************
   4:../Src/main.c ****   * @file           : main.c
   5:../Src/main.c ****   * @brief          : Main program body
   6:../Src/main.c ****   ******************************************************************************
   7:../Src/main.c ****   * @attention
   8:../Src/main.c ****   *
   9:../Src/main.c ****   * <h2><center>&copy; Copyright (c) 2020 STMicroelectronics.
  10:../Src/main.c ****   * All rights reserved.</center></h2>
  11:../Src/main.c ****   *
  12:../Src/main.c ****   * This software component is licensed by ST under BSD 3-Clause license,
  13:../Src/main.c ****   * the "License"; You may not use this file except in compliance with the
  14:../Src/main.c ****   * License. You may obtain a copy of the License at:
  15:../Src/main.c ****   *                        opensource.org/licenses/BSD-3-Clause
  16:../Src/main.c ****   *
  17:../Src/main.c ****   ******************************************************************************
  18:../Src/main.c ****   */
  19:../Src/main.c **** /* USER CODE END Header */
  20:../Src/main.c **** 
  21:../Src/main.c **** /* Includes ------------------------------------------------------------------*/
  22:../Src/main.c **** #include "main.h"
  23:../Src/main.c **** 
  24:../Src/main.c **** /* typedef -----------------------------------------------------------*/
  25:../Src/main.c **** 
  26:../Src/main.c **** 
  27:../Src/main.c **** /* define ------------------------------------------------------------*/
  28:../Src/main.c **** 
  29:../Src/main.c **** 
  30:../Src/main.c **** /* macro -------------------------------------------------------------*/
  31:../Src/main.c **** 
  32:../Src/main.c **** 
  33:../Src/main.c **** /* variables ---------------------------------------------------------*/
ARM GAS  /var/folders/8d/5hf81w_s6138pnbgf3j9q6nr0000gn/T//ccYV6pgq.s 			page 2


  34:../Src/main.c **** 
  35:../Src/main.c **** 
  36:../Src/main.c **** /* function prototypes -----------------------------------------------*/
  37:../Src/main.c **** void SystemClock_Config(void);
  38:../Src/main.c **** 
  39:../Src/main.c **** /**
  40:../Src/main.c ****   * @brief  The application entry point.
  41:../Src/main.c ****   * @retval int
  42:../Src/main.c ****   */
  43:../Src/main.c **** int main(void)
  44:../Src/main.c **** {
  45:../Src/main.c ****   /* MCU Configuration--------------------------------------------------------*/
  46:../Src/main.c **** 
  47:../Src/main.c ****   /* Reset of all peripherals, Initializes the Flash interface and the Systick. */
  48:../Src/main.c ****   HAL_Init();
  49:../Src/main.c **** 
  50:../Src/main.c ****   /* Configure the system clock */
  51:../Src/main.c ****   SystemClock_Config();
  52:../Src/main.c **** 
  53:../Src/main.c ****   /* Infinite loop */
  54:../Src/main.c ****   while (1)
  55:../Src/main.c ****   {
  56:../Src/main.c **** 
  57:../Src/main.c ****   }
  58:../Src/main.c **** 
  59:../Src/main.c **** }
  60:../Src/main.c **** 
  61:../Src/main.c **** /**
  62:../Src/main.c ****   * @brief System Clock Configuration
  63:../Src/main.c ****   * @retval None
  64:../Src/main.c ****   */
  65:../Src/main.c **** void SystemClock_Config(void)
  66:../Src/main.c **** {
  26              		.loc 1 66 0
  27              		.cfi_startproc
  28              		@ args = 0, pretend = 0, frame = 64
  29              		@ frame_needed = 0, uses_anonymous_args = 0
  30 0000 30B5     		push	{r4, r5, lr}
  31              	.LCFI0:
  32              		.cfi_def_cfa_offset 12
  33              		.cfi_offset 4, -12
  34              		.cfi_offset 5, -8
  35              		.cfi_offset 14, -4
  36 0002 91B0     		sub	sp, sp, #68
  37              	.LCFI1:
  38              		.cfi_def_cfa_offset 80
  67:../Src/main.c ****   RCC_OscInitTypeDef RCC_OscInitStruct = {0};
  39              		.loc 1 67 0
  40 0004 0024     		movs	r4, #0
  41 0006 0894     		str	r4, [sp, #32]
  42 0008 0994     		str	r4, [sp, #36]
  43 000a 0B94     		str	r4, [sp, #44]
  44 000c 0C94     		str	r4, [sp, #48]
  68:../Src/main.c ****   RCC_ClkInitTypeDef RCC_ClkInitStruct = {0};
  45              		.loc 1 68 0
  46 000e 0194     		str	r4, [sp, #4]
  47 0010 0294     		str	r4, [sp, #8]
ARM GAS  /var/folders/8d/5hf81w_s6138pnbgf3j9q6nr0000gn/T//ccYV6pgq.s 			page 3


  48 0012 0394     		str	r4, [sp, #12]
  49 0014 0494     		str	r4, [sp, #16]
  50 0016 0594     		str	r4, [sp, #20]
  69:../Src/main.c **** 
  70:../Src/main.c ****   /** Initializes the CPU, AHB and APB busses clocks 
  71:../Src/main.c ****   */
  72:../Src/main.c ****   RCC_OscInitStruct.OscillatorType = RCC_OSCILLATORTYPE_HSE;
  51              		.loc 1 72 0
  52 0018 0122     		movs	r2, #1
  53 001a 0692     		str	r2, [sp, #24]
  73:../Src/main.c ****   RCC_OscInitStruct.HSEState = RCC_HSE_ON;
  54              		.loc 1 73 0
  55 001c 4FF48033 		mov	r3, #65536
  56 0020 0793     		str	r3, [sp, #28]
  74:../Src/main.c ****   RCC_OscInitStruct.HSEPredivValue = RCC_HSE_PREDIV_DIV1;
  75:../Src/main.c ****   RCC_OscInitStruct.HSIState = RCC_HSI_ON;
  57              		.loc 1 75 0
  58 0022 0A92     		str	r2, [sp, #40]
  76:../Src/main.c ****   RCC_OscInitStruct.PLL.PLLState = RCC_PLL_ON;
  59              		.loc 1 76 0
  60 0024 0225     		movs	r5, #2
  61 0026 0D95     		str	r5, [sp, #52]
  77:../Src/main.c ****   RCC_OscInitStruct.PLL.PLLSource = RCC_PLLSOURCE_HSE;
  62              		.loc 1 77 0
  63 0028 0E93     		str	r3, [sp, #56]
  78:../Src/main.c ****   RCC_OscInitStruct.PLL.PLLMUL = RCC_PLL_MUL9;
  64              		.loc 1 78 0
  65 002a 4FF4E013 		mov	r3, #1835008
  66 002e 0F93     		str	r3, [sp, #60]
  79:../Src/main.c ****   if (HAL_RCC_OscConfig(&RCC_OscInitStruct) != HAL_OK)
  67              		.loc 1 79 0
  68 0030 06A8     		add	r0, sp, #24
  69 0032 FFF7FEFF 		bl	HAL_RCC_OscConfig
  70              	.LVL0:
  80:../Src/main.c ****   {
  81:../Src/main.c ****     Error_Handler();
  82:../Src/main.c ****   }
  83:../Src/main.c ****   
  84:../Src/main.c ****   /** Initializes the CPU, AHB and APB busses clocks 
  85:../Src/main.c ****   */
  86:../Src/main.c ****   RCC_ClkInitStruct.ClockType = RCC_CLOCKTYPE_HCLK | RCC_CLOCKTYPE_SYSCLK | RCC_CLOCKTYPE_PCLK1 | R
  71              		.loc 1 86 0
  72 0036 0F23     		movs	r3, #15
  73 0038 0193     		str	r3, [sp, #4]
  87:../Src/main.c ****   RCC_ClkInitStruct.SYSCLKSource = RCC_SYSCLKSOURCE_PLLCLK;
  74              		.loc 1 87 0
  75 003a 0295     		str	r5, [sp, #8]
  88:../Src/main.c ****   RCC_ClkInitStruct.AHBCLKDivider = RCC_SYSCLK_DIV1;
  76              		.loc 1 88 0
  77 003c 0394     		str	r4, [sp, #12]
  89:../Src/main.c ****   RCC_ClkInitStruct.APB1CLKDivider = RCC_HCLK_DIV2;
  78              		.loc 1 89 0
  79 003e 4FF48063 		mov	r3, #1024
  80 0042 0493     		str	r3, [sp, #16]
  90:../Src/main.c ****   RCC_ClkInitStruct.APB2CLKDivider = RCC_HCLK_DIV1;
  81              		.loc 1 90 0
  82 0044 0594     		str	r4, [sp, #20]
ARM GAS  /var/folders/8d/5hf81w_s6138pnbgf3j9q6nr0000gn/T//ccYV6pgq.s 			page 4


  91:../Src/main.c **** 
  92:../Src/main.c ****   if (HAL_RCC_ClockConfig(&RCC_ClkInitStruct, FLASH_LATENCY_2) != HAL_OK)
  83              		.loc 1 92 0
  84 0046 2946     		mov	r1, r5
  85 0048 01A8     		add	r0, sp, #4
  86 004a FFF7FEFF 		bl	HAL_RCC_ClockConfig
  87              	.LVL1:
  93:../Src/main.c ****   {
  94:../Src/main.c ****     Error_Handler();
  95:../Src/main.c ****   }
  96:../Src/main.c **** }
  88              		.loc 1 96 0
  89 004e 11B0     		add	sp, sp, #68
  90              	.LCFI2:
  91              		.cfi_def_cfa_offset 12
  92              		@ sp needed
  93 0050 30BD     		pop	{r4, r5, pc}
  94              		.cfi_endproc
  95              	.LFE66:
  97              		.section	.text.main,"ax",%progbits
  98              		.align	1
  99              		.global	main
 100              		.syntax unified
 101              		.thumb
 102              		.thumb_func
 103              		.fpu softvfp
 105              	main:
 106              	.LFB65:
  44:../Src/main.c ****   /* MCU Configuration--------------------------------------------------------*/
 107              		.loc 1 44 0
 108              		.cfi_startproc
 109              		@ Volatile: function does not return.
 110              		@ args = 0, pretend = 0, frame = 0
 111              		@ frame_needed = 0, uses_anonymous_args = 0
 112 0000 08B5     		push	{r3, lr}
 113              	.LCFI3:
 114              		.cfi_def_cfa_offset 8
 115              		.cfi_offset 3, -8
 116              		.cfi_offset 14, -4
  48:../Src/main.c **** 
 117              		.loc 1 48 0
 118 0002 FFF7FEFF 		bl	HAL_Init
 119              	.LVL2:
  51:../Src/main.c **** 
 120              		.loc 1 51 0
 121 0006 FFF7FEFF 		bl	SystemClock_Config
 122              	.LVL3:
 123              	.L4:
 124 000a FEE7     		b	.L4
 125              		.cfi_endproc
 126              	.LFE65:
 128              		.section	.text.Error_Handler,"ax",%progbits
 129              		.align	1
 130              		.global	Error_Handler
 131              		.syntax unified
 132              		.thumb
 133              		.thumb_func
ARM GAS  /var/folders/8d/5hf81w_s6138pnbgf3j9q6nr0000gn/T//ccYV6pgq.s 			page 5


 134              		.fpu softvfp
 136              	Error_Handler:
 137              	.LFB67:
  97:../Src/main.c **** 
  98:../Src/main.c **** /**
  99:../Src/main.c ****   * @brief  This function is executed in case of error occurrence.
 100:../Src/main.c ****   * @retval None
 101:../Src/main.c ****   */
 102:../Src/main.c **** void Error_Handler(void)
 103:../Src/main.c **** {
 138              		.loc 1 103 0
 139              		.cfi_startproc
 140              		@ args = 0, pretend = 0, frame = 0
 141              		@ frame_needed = 0, uses_anonymous_args = 0
 142              		@ link register save eliminated.
 104:../Src/main.c ****   /* User can add his own implementation to report the HAL error return state */
 105:../Src/main.c **** 
 106:../Src/main.c **** }
 143              		.loc 1 106 0
 144 0000 7047     		bx	lr
 145              		.cfi_endproc
 146              	.LFE67:
 148              		.text
 149              	.Letext0:
 150              		.file 2 "/Users/jaychan/gcc-arm-none-eabi/arm-none-eabi/include/machine/_default_types.h"
 151              		.file 3 "/Users/jaychan/gcc-arm-none-eabi/arm-none-eabi/include/sys/_stdint.h"
 152              		.file 4 "../../../Drivers/CMSIS/Include/core_cm3.h"
 153              		.file 5 "../../../Drivers/CMSIS/Device/ST/STM32F1xx/Include/system_stm32f1xx.h"
 154              		.file 6 "../../../Drivers/STM32F1xx_HAL_Driver/Inc/stm32f1xx_hal_rcc.h"
 155              		.file 7 "../../../Drivers/STM32F1xx_HAL_Driver/Inc/stm32f1xx_hal_rcc_ex.h"
 156              		.file 8 "../../../Drivers/STM32F1xx_HAL_Driver/Inc/stm32f1xx_hal_def.h"
 157              		.file 9 "../../../Drivers/STM32F1xx_HAL_Driver/Inc/stm32f1xx_hal.h"
ARM GAS  /var/folders/8d/5hf81w_s6138pnbgf3j9q6nr0000gn/T//ccYV6pgq.s 			page 6


DEFINED SYMBOLS
                            *ABS*:0000000000000000 main.c
/var/folders/8d/5hf81w_s6138pnbgf3j9q6nr0000gn/T//ccYV6pgq.s:16     .text.SystemClock_Config:0000000000000000 $t
/var/folders/8d/5hf81w_s6138pnbgf3j9q6nr0000gn/T//ccYV6pgq.s:23     .text.SystemClock_Config:0000000000000000 SystemClock_Config
/var/folders/8d/5hf81w_s6138pnbgf3j9q6nr0000gn/T//ccYV6pgq.s:98     .text.main:0000000000000000 $t
/var/folders/8d/5hf81w_s6138pnbgf3j9q6nr0000gn/T//ccYV6pgq.s:105    .text.main:0000000000000000 main
/var/folders/8d/5hf81w_s6138pnbgf3j9q6nr0000gn/T//ccYV6pgq.s:129    .text.Error_Handler:0000000000000000 $t
/var/folders/8d/5hf81w_s6138pnbgf3j9q6nr0000gn/T//ccYV6pgq.s:136    .text.Error_Handler:0000000000000000 Error_Handler

UNDEFINED SYMBOLS
HAL_RCC_OscConfig
HAL_RCC_ClockConfig
HAL_Init
